[debug] [2020-01-28T16:56:38.617Z] ----------------------------------------------------------------------
[debug] [2020-01-28T16:56:38.620Z] Command:       C:\Program Files\nodejs\node.exe C:\Users\DEMON\AppData\Roaming\npm\node_modules\firebase-tools\lib\bin\firebase.js deploy
[debug] [2020-01-28T16:56:38.620Z] CLI Version:   7.12.1
[debug] [2020-01-28T16:56:38.620Z] Platform:      win32
[debug] [2020-01-28T16:56:38.620Z] Node Version:  v12.6.0
[debug] [2020-01-28T16:56:38.621Z] Time:          Tue Jan 28 2020 22:26:38 GMT+0530 (India Standard Time)
[debug] [2020-01-28T16:56:38.621Z] ----------------------------------------------------------------------
[debug] [2020-01-28T16:56:38.621Z] 
[debug] [2020-01-28T16:56:38.630Z] > command requires scopes: ["email","openid","https://www.googleapis.com/auth/cloudplatformprojects.readonly","https://www.googleapis.com/auth/firebase","https://www.googleapis.com/auth/cloud-platform"]
[debug] [2020-01-28T16:56:38.631Z] > authorizing via signed-in user
[debug] [2020-01-28T16:56:38.632Z] [iam] checking project gamer-1eb18 for permissions ["firebase.projects.get","firebasehosting.sites.update"]
[debug] [2020-01-28T16:56:38.633Z] >>> HTTP REQUEST POST https://cloudresourcemanager.googleapis.com/v1/projects/gamer-1eb18:testIamPermissions  

[debug] [2020-01-28T16:56:42.813Z] <<< HTTP RESPONSE 200
[debug] [2020-01-28T16:56:42.816Z] >>> HTTP REQUEST GET https://firebase.googleapis.com/v1beta1/projects/gamer-1eb18  
 
[debug] [2020-01-28T16:56:44.421Z] <<< HTTP RESPONSE 200
[info] 
[info] === Deploying to 'gamer-1eb18'...
[info] 
[info] i  deploying hosting
[debug] [2020-01-28T16:56:44.442Z] >>> HTTP REQUEST POST https://firebasehosting.googleapis.com/v1beta1/sites/gamer-1eb18/versions  

[debug] [2020-01-28T16:56:47.050Z] <<< HTTP RESPONSE 200
[info] i  hosting[gamer-1eb18]: beginning deploy...
[info] i  hosting[gamer-1eb18]: found 286 files in public
[debug] [2020-01-28T16:56:47.160Z] [hosting] hash cache [cHVibGlj] stored for 286 files
[debug] [2020-01-28T16:56:47.161Z] [hosting][hash queue][FINAL]
[debug] [2020-01-28T16:56:47.161Z] >>> HTTP REQUEST POST https://firebasehosting.googleapis.com/v1beta1/sites/gamer-1eb18/versions/1aac448786d42f88:populateFiles  
 <request body omitted>
[debug] [2020-01-28T16:56:52.487Z] <<< HTTP RESPONSE 200
[debug] [2020-01-28T16:56:52.530Z] [hosting][populate queue][FINAL]
[debug] [2020-01-28T16:56:52.530Z] [hosting] uploads queued: 55
[debug] [2020-01-28T16:57:03.189Z] [uploadQueue] Retrying task 092e0835cf701a4a50c0ec11f8f78f2aea450ba8c4871d0a0285fcee253a80bf
[debug] [2020-01-28T16:57:03.254Z] [uploadQueue] Retrying task 9d7aab993cc75b13dbe21cd8eac85ebf684a996bd3213341187de5f412c06756
[debug] [2020-01-28T16:57:03.264Z] [uploadQueue] Retrying task bf9ceb19e5c365f8dc958b41db903816c086573c01e3226843c2bcc4f198e593
[debug] [2020-01-28T16:57:03.303Z] [uploadQueue] Retrying task 182d8b952a97b3caef474ea45a28424d57ea563e424fcf99fdc292af7e01385e
[debug] [2020-01-28T16:57:03.364Z] [uploadQueue] Retrying task c63b3c173e445b3149588bc1e7b08d64bb82dc5ddb6f944f6f67218f7b4dbd5c
[debug] [2020-01-28T16:57:03.388Z] [uploadQueue] Retrying task d5939e39e824b22b09e95f2794557058877ba5756dc9aacb395bbd5fde101b7e
[debug] [2020-01-28T16:57:03.414Z] [uploadQueue] Retrying task a5b559d4645aa66a0262fd3e70d3fcf866958cddde3fb1f9a7b295f643f2e8ef
[debug] [2020-01-28T16:57:03.495Z] [uploadQueue] Retrying task aeb6038abf19f03a30eabaa498f75ed8033c023b48bc52786dcfce6d06f6c23d
[debug] [2020-01-28T16:57:03.625Z] [uploadQueue] Retrying task adff8793f84031f10b872bdbbca582c25a16f250debc27346b7c9cb66700f422
[debug] [2020-01-28T16:57:03.633Z] [uploadQueue] Retrying task 10d78304cb2ae7675577dc55250c6a29d7ace85377e95d168b1690a15d492387
[debug] [2020-01-28T16:57:03.670Z] [uploadQueue] Retrying task 54fba01b1b5c92699d5f8e3bc0f5f7ece85d35b89805b52437772725c64e27af
[debug] [2020-01-28T16:57:03.711Z] [uploadQueue] Retrying task 8af0e6032f34726629d0399e787c9fa9e71a03ad3320da03ad72f0bdd07c9da4
[debug] [2020-01-28T16:57:03.826Z] [uploadQueue] Retrying task 8b4d86b264264f168920e95e1114809f48e9ad26b4a058bdcfbdc9f29dbe563c
[debug] [2020-01-28T16:57:03.957Z] [uploadQueue] Retrying task 890f2c58b3432928a0ccc3fde7599f3a83fa0aa08557f6ffd0ccb73d9455627d
[debug] [2020-01-28T16:57:04.147Z] [uploadQueue] Retrying task 3c27a0a01bdd2385b8ff1fea23c32181b35a30e9f708b779bc37f22675abc08e
[debug] [2020-01-28T16:57:04.317Z] [uploadQueue] Retrying task 2cedb487bd75a08501b290ef94636e69671ec47083d5ea28b8ff566f2f5269de
[debug] [2020-01-28T16:57:04.329Z] [uploadQueue] Retrying task bb2e73e9fb018b19f160b53ba5501ccf6e8d5419cae4b82a2eb416c281aa5852
[debug] [2020-01-28T16:57:05.158Z] [uploadQueue] Retrying task c05d8c6cfdca54634765e4cd7a880c0b0586e24618dead9f8a03c577cacc2d6d
[debug] [2020-01-28T16:57:05.223Z] [uploadQueue] Retrying task cf8f52f358d1902869274ae9f62d3348cd579168b1099929a0c8bf7051486d49
[debug] [2020-01-28T16:57:05.238Z] [uploadQueue] Retrying task 1f2befded94d64155106bdbe31227ee3fd01e6fb15949e1af5b05d6c91a04c70
[debug] [2020-01-28T16:57:05.543Z] [uploadQueue] Retrying task 3ec3865a2846cae3e3c40c5650d2cfa5ef6ed7f7106a3cd5ce01d51200344bbe
[debug] [2020-01-28T16:57:06.512Z] [uploadQueue] Retrying task 33d488c6d1f72a9632829f56274e7174ce566787902f9ba04ddd8faf2797be25
[debug] [2020-01-28T16:57:15.810Z] [uploadQueue] Retrying task 092e0835cf701a4a50c0ec11f8f78f2aea450ba8c4871d0a0285fcee253a80bf
[debug] [2020-01-28T16:57:15.860Z] [uploadQueue] Retrying task c63b3c173e445b3149588bc1e7b08d64bb82dc5ddb6f944f6f67218f7b4dbd5c
[debug] [2020-01-28T16:57:18.811Z] [uploadQueue] Retrying task 3c27a0a01bdd2385b8ff1fea23c32181b35a30e9f708b779bc37f22675abc08e
[debug] [2020-01-28T16:57:20.051Z] [uploadQueue] Retrying task 3ec3865a2846cae3e3c40c5650d2cfa5ef6ed7f7106a3cd5ce01d51200344bbe
[debug] [2020-01-28T16:57:20.052Z] [uploadQueue] Retrying task d5939e39e824b22b09e95f2794557058877ba5756dc9aacb395bbd5fde101b7e
[debug] [2020-01-28T16:57:22.102Z] [uploadQueue] Retrying task 1f2befded94d64155106bdbe31227ee3fd01e6fb15949e1af5b05d6c91a04c70
[debug] [2020-01-28T16:57:24.932Z] [uploadQueue] Retrying task 182d8b952a97b3caef474ea45a28424d57ea563e424fcf99fdc292af7e01385e
[debug] [2020-01-28T16:57:25.264Z] [uploadQueue] Retrying task 8af0e6032f34726629d0399e787c9fa9e71a03ad3320da03ad72f0bdd07c9da4
[debug] [2020-01-28T16:57:25.266Z] [uploadQueue] Retrying task adff8793f84031f10b872bdbbca582c25a16f250debc27346b7c9cb66700f422
